<?xml version="1.0" encoding="UTF-8"?>
<!-- Generated by org.testng.reporters.JUnitXMLReporter -->
<testsuite ignored="0" hostname="LAPTOP-82M7P85N" failures="1" tests="1" name="Test Ahmed(failed)" time="6.608" errors="0" timestamp="2024-01-12T09:40:45 CET">
  <testcase classname="testNG.VerifyTitleTest" name="titleTest" time="6.559">
    <failure type="java.lang.AssertionError" message="The following asserts failed:
	expected [Electronics, ccCars, Fashion, Collectibles, Coupons and More | eBay] but found [Electronics, Cars, Fashion, Collectibles &amp;amp; More | eBay],
	text verification failed expected [Searchcc] but found [Search]">
      <![CDATA[java.lang.AssertionError: The following asserts failed:
expected [Electronics, ccCars, Fashion, Collectibles, Coupons and More | eBay] but found [Electronics, Cars, Fashion, Collectibles & More | eBay],
text verification failed expected [Searchcc] but found [Search]
at testNG.VerifyTitleTest.titleTest(VerifyTitleTest.java:35)
at java.base/java.util.ArrayList.forEach(ArrayList.java:1511)
... Removed 29 stack frames]]>
    </failure>
  </testcase> <!-- titleTest -->
</testsuite> <!-- Test Ahmed(failed) -->
