<?xml version="1.0" encoding="UTF-8"?>
<!-- Generated by org.testng.reporters.JUnitXMLReporter -->
<testsuite ignored="0" hostname="LAPTOP-82M7P85N" failures="1" tests="3" name="Default test" time="24.918" errors="0" timestamp="2024-02-12T20:04:06 CET">
  <testcase classname="io.cucumber.testng.AbstractTestNGCucumberTests" name="runScenario" time="22.228"/>
  <testcase classname="io.cucumber.testng.AbstractTestNGCucumberTests" name="runScenario" time="22.674"/>
  <testcase classname="io.cucumber.testng.AbstractTestNGCucumberTests" name="runScenario" time="23.548">
    <failure type="java.lang.AssertionError">
      <![CDATA[java.lang.AssertionError
at stepDefinitions.OfferPageStepDefinition.validate_product_name_in_Offers_page(OfferPageStepDefinition.java:57)
at âœ½.validate product name in offers page matches with Landing page(file:///C:/Users/21693/eclipse-workspace/Selenium/Cucumber/src/test/java/features/exercice1.feature:9)
]]>
    </failure>
  </testcase> <!-- runScenario -->
</testsuite> <!-- Default test -->
