<?xml version="1.0" encoding="UTF-8"?>
<!-- Generated by org.testng.reporters.JUnitReportReporter -->
<testsuite hostname="LAPTOP-82M7P85N" failures="1" tests="3" name="cucumberOptions.TestNGRunner" time="61.644" errors="0" timestamp="2024-02-11T20:45:37 CET" skipped="0">
  <testcase classname="cucumberOptions.TestNGRunner" name="runScenario" time="20.977"/>
  <testcase classname="cucumberOptions.TestNGRunner" name="runScenario" time="19.360"/>
  <testcase classname="cucumberOptions.TestNGRunner" name="runScenario" time="21.307">
    <failure type="java.lang.AssertionError">
      <![CDATA[java.lang.AssertionError
at stepDefinitions.OfferPageStepDefinition.validate_product_name_in_Offers_page(OfferPageStepDefinition.java:57)
at âœ½.validate product name in offers page matches with Landing page(file:///C:/Users/21693/eclipse-workspace/Selenium/Cucumber/src/test/java/features/exercice1.feature:9)
]]>
    </failure>
  </testcase> <!-- runScenario -->
</testsuite> <!-- cucumberOptions.TestNGRunner -->
